[2024-08-05 15:56:59] phpactor.WARNING: The process was killed {"channel":"LSP"} []
[2024-08-05 15:56:59] phpactor.WARNING: Killed process "15543" ('/usr/bin/php8.2' '/home/migbert/.local/share/nvim/mason/packages/phpactor/phpactor.phar' 'language-server:diagnostics' '--uri=file:///home/migbert/proyectos/php/app_laravel1/laravel/config/app.php' '--config-extra={"worse_reflection.enable_context_location": false}') because it lived longer than 5s {"channel":"LSP"} []
[2024-08-05 16:05:59] phpactor.CRITICAL: Waited "2500" milliseconds after shutdown request for exit notification but did not get one so I'm self destructing. {"channel":"LSP"} []
[2024-08-05 17:01:07] phpactor.WARNING: The process was killed {"channel":"LSP"} []
[2024-08-05 17:01:07] phpactor.WARNING: Killed process "60835" ('/usr/bin/php8.2' '/home/migbert/.local/share/nvim/mason/packages/phpactor/phpactor.phar' 'language-server:diagnostics' '--uri=file:///home/migbert/proyectos/php/app_laravel1/laravel/config/app.php' '--config-extra={"worse_reflection.enable_context_location": false}') because it lived longer than 5s {"channel":"LSP"} []
[2024-08-05 17:01:11] phpactor.CRITICAL: Waited "2500" milliseconds after shutdown request for exit notification but did not get one so I'm self destructing. {"channel":"LSP"} []
[2024-08-05 17:01:11] phpactor.WARNING: The process was killed {"channel":"LSP"} []
[2024-08-05 17:03:23] phpactor.CRITICAL: Waited "2500" milliseconds after shutdown request for exit notification but did not get one so I'm self destructing. {"channel":"LSP"} []
[2024-08-25 13:32:39] phpactor.WARNING: The process was killed {"channel":"LSP"} []
[2024-08-25 13:32:39] phpactor.WARNING: Killed process "49987" ('/usr/bin/php8.2' '/home/migbert/.local/share/nvim/mason/packages/phpactor/phpactor.phar' 'language-server:diagnostics' '--uri=file:///home/migbert/proyectos/php/portafolio/laravel/app/Providers/AppServiceProvider.php' '--config-extra={"worse_reflection.enable_context_location": false}') because it lived longer than 5s {"channel":"LSP"} []
[2024-08-25 13:41:13] phpactor.WARNING: The process was killed {"channel":"LSP"} []
[2024-08-25 13:41:14] phpactor.WARNING: Killed process "58837" ('/usr/bin/php8.2' '/home/migbert/.local/share/nvim/mason/packages/phpactor/phpactor.phar' 'language-server:diagnostics' '--uri=file:///home/migbert/proyectos/php/portafolio/laravel/app/Providers/AppServiceProvider.php' '--config-extra={"worse_reflection.enable_context_location": false}') because it lived longer than 5s {"channel":"LSP"} []
[2024-08-25 13:41:19] phpactor.WARNING: The process was killed {"channel":"LSP"} []
[2024-08-25 13:41:19] phpactor.WARNING: Killed process "58960" ('/usr/bin/php8.2' '/home/migbert/.local/share/nvim/mason/packages/phpactor/phpactor.phar' 'language-server:diagnostics' '--uri=file:///home/migbert/proyectos/php/portafolio/laravel/app/Providers/AppServiceProvider.php' '--config-extra={"worse_reflection.enable_context_location": false}') because it lived longer than 5s {"channel":"LSP"} []
[2024-08-25 13:45:30] phpactor.WARNING: The process was killed {"channel":"LSP"} []
[2024-08-25 13:45:30] phpactor.WARNING: Killed process "63793" ('/usr/bin/php8.2' '/home/migbert/.local/share/nvim/mason/packages/phpactor/phpactor.phar' 'language-server:diagnostics' '--uri=file:///home/migbert/proyectos/php/portafolio/laravel/app/Providers/AppServiceProvider.php' '--config-extra={"worse_reflection.enable_context_location": false}') because it lived longer than 5s {"channel":"LSP"} []
[2024-08-25 14:09:04] phpactor.CRITICAL: Waited "2500" milliseconds after shutdown request for exit notification but did not get one so I'm self destructing. {"channel":"LSP"} []
[2024-08-25 14:28:14] phpactor.WARNING: The process was killed {"channel":"LSP"} []
[2024-08-25 14:28:14] phpactor.WARNING: Killed process "10743" ('/usr/bin/php8.2' '/home/migbert/.local/share/nvim/mason/packages/phpactor/phpactor.phar' 'language-server:diagnostics' '--uri=file:///home/migbert/proyectos/php/portafolio/laravel/routes/web.php' '--config-extra={"worse_reflection.enable_context_location": false}') because it lived longer than 5s {"channel":"LSP"} []
[2024-08-25 14:30:21] phpactor.WARNING: The process was killed {"channel":"LSP"} []
[2024-08-25 14:30:21] phpactor.WARNING: Killed process "13398" ('/usr/bin/php8.2' '/home/migbert/.local/share/nvim/mason/packages/phpactor/phpactor.phar' 'language-server:diagnostics' '--uri=file:///home/migbert/proyectos/php/portafolio/laravel/routes/web.php' '--config-extra={"worse_reflection.enable_context_location": false}') because it lived longer than 5s {"channel":"LSP"} []
[2024-08-25 14:33:09] phpactor.WARNING: The process was killed {"channel":"LSP"} []
[2024-08-25 14:33:09] phpactor.WARNING: Killed process "16483" ('/usr/bin/php8.2' '/home/migbert/.local/share/nvim/mason/packages/phpactor/phpactor.phar' 'language-server:diagnostics' '--uri=file:///home/migbert/proyectos/php/portafolio/laravel/routes/web.php' '--config-extra={"worse_reflection.enable_context_location": false}') because it lived longer than 5s {"channel":"LSP"} []
[2024-08-25 14:33:15] phpactor.WARNING: The process was killed {"channel":"LSP"} []
[2024-08-25 14:33:15] phpactor.WARNING: Killed process "16603" ('/usr/bin/php8.2' '/home/migbert/.local/share/nvim/mason/packages/phpactor/phpactor.phar' 'language-server:diagnostics' '--uri=file:///home/migbert/proyectos/php/portafolio/laravel/routes/web.php' '--config-extra={"worse_reflection.enable_context_location": false}') because it lived longer than 5s {"channel":"LSP"} []
[2024-08-25 14:34:55] phpactor.WARNING: The process was killed {"channel":"LSP"} []
[2024-08-25 14:34:55] phpactor.WARNING: Killed process "18600" ('/usr/bin/php8.2' '/home/migbert/.local/share/nvim/mason/packages/phpactor/phpactor.phar' 'language-server:diagnostics' '--uri=file:///home/migbert/proyectos/php/portafolio/laravel/vendor/laravel/framework/src/Illuminate/Http/RedirectResponse.php' '--config-extra={"worse_reflection.enable_context_location": false}') because it lived longer than 5s {"channel":"LSP"} []
[2024-08-25 14:35:00] phpactor.WARNING: The process was killed {"channel":"LSP"} []
[2024-08-25 14:35:00] phpactor.WARNING: Killed process "18684" ('/usr/bin/php8.2' '/home/migbert/.local/share/nvim/mason/packages/phpactor/phpactor.phar' 'language-server:diagnostics' '--uri=file:///home/migbert/proyectos/php/portafolio/laravel/vendor/laravel/framework/src/Illuminate/Http/RedirectResponse.php' '--config-extra={"worse_reflection.enable_context_location": false}') because it lived longer than 5s {"channel":"LSP"} []
[2024-08-25 14:42:11] phpactor.ERROR: Error when handling "Phpactor\LanguageServer\Core\Rpc\RequestMessage" ({"jsonrpc":"2.0","id":84,"method":"workspace\/willRenameFiles","params":{"files":[{"oldUri":"file:\/\/\/home\/migbert\/proyectos\/php\/portafolio\/laravel\/resources\/lang\/pt_BR.json","newUri":"file:\/\/\/home\/migbert\/proyectos\/php\/portafolio\/laravel\/resources\/lang\/pt.json"}]}}): Exception [Phpactor\Rename\Model\Exception\CouldNotRename] There are no class name candidates {"channel":"LSP"} []
[2024-08-25 14:42:11] phpactor.ERROR: Error when handling "Phpactor\LanguageServer\Core\Rpc\NotificationMessage" ({"jsonrpc":"2.0","method":"workspace\/didRenameFiles","params":{"files":[{"oldUri":"file:\/\/\/home\/migbert\/proyectos\/php\/portafolio\/laravel\/resources\/lang\/pt_BR.json","newUri":"file:\/\/\/home\/migbert\/proyectos\/php\/portafolio\/laravel\/resources\/lang\/pt.json"}]}}): Exception [Phpactor\LanguageServer\Core\Handler\HandlerNotFound] Handler "workspace/didRenameFiles" not found, available handlers: "phpactor/debug/config", "phpactor/debug/workspace", "phpactor/status", "phpactor/service/start", "phpactor/service/stop", "phpactor/service/running", "workspace/executeCommand", "workspace/didChangeWatchedFiles", "textDocument/didOpen", "textDocument/didChange", "textDocument/didClose", "textDocument/didSave", "textDocument/willSave", "textDocument/willSaveWaitUntil", "phpactor/stats", "textDocument/codeAction", "textDocument/completion", "completionItem/resolve", "textDocument/signatureHelp", "textDocument/definition", "textDocument/typeDefinition", "textDocument/references", "textDocument/implementation", "textDocument/documentHighlight", "phpactor/indexer/reindex", "workspace/symbol", "textDocument/hover", "textDocument/documentSymbol", "textDocument/selectionRange", "textDocument/prepareRename", "textDocument/rename", "workspace/willRenameFiles" {"channel":"LSP"} []
[2024-08-25 14:42:28] phpactor.ERROR: Error when handling "Phpactor\LanguageServer\Core\Rpc\RequestMessage" ({"jsonrpc":"2.0","id":85,"method":"workspace\/willRenameFiles","params":{"files":[{"oldUri":"file:\/\/\/home\/migbert\/proyectos\/php\/portafolio\/laravel\/resources\/lang\/pt_BR","newUri":"file:\/\/\/home\/migbert\/proyectos\/php\/portafolio\/laravel\/resources\/lang\/pt"}]}}): Exception [Phpactor\Rename\Model\Exception\CouldNotRename] There are no class name candidates {"channel":"LSP"} []
[2024-08-25 14:42:29] phpactor.ERROR: Error when handling "Phpactor\LanguageServer\Core\Rpc\NotificationMessage" ({"jsonrpc":"2.0","method":"workspace\/didRenameFiles","params":{"files":[{"oldUri":"file:\/\/\/home\/migbert\/proyectos\/php\/portafolio\/laravel\/resources\/lang\/pt_BR","newUri":"file:\/\/\/home\/migbert\/proyectos\/php\/portafolio\/laravel\/resources\/lang\/pt"}]}}): Exception [Phpactor\LanguageServer\Core\Handler\HandlerNotFound] Handler "workspace/didRenameFiles" not found, available handlers: "phpactor/debug/config", "phpactor/debug/workspace", "phpactor/status", "phpactor/service/start", "phpactor/service/stop", "phpactor/service/running", "workspace/executeCommand", "workspace/didChangeWatchedFiles", "textDocument/didOpen", "textDocument/didChange", "textDocument/didClose", "textDocument/didSave", "textDocument/willSave", "textDocument/willSaveWaitUntil", "phpactor/stats", "textDocument/codeAction", "textDocument/completion", "completionItem/resolve", "textDocument/signatureHelp", "textDocument/definition", "textDocument/typeDefinition", "textDocument/references", "textDocument/implementation", "textDocument/documentHighlight", "phpactor/indexer/reindex", "workspace/symbol", "textDocument/hover", "textDocument/documentSymbol", "textDocument/selectionRange", "textDocument/prepareRename", "textDocument/rename", "workspace/willRenameFiles" {"channel":"LSP"} []
[2024-08-25 14:59:23] phpactor.WARNING: The process was killed {"channel":"LSP"} []
[2024-08-25 14:59:23] phpactor.WARNING: Killed process "46205" ('/usr/bin/php8.2' '/home/migbert/.local/share/nvim/mason/packages/phpactor/phpactor.phar' 'language-server:diagnostics' '--uri=file:///home/migbert/proyectos/php/portafolio/laravel/routes/web.php' '--config-extra={"worse_reflection.enable_context_location": false}') because it lived longer than 5s {"channel":"LSP"} []
[2024-08-25 14:59:36] phpactor.WARNING: The process was killed {"channel":"LSP"} []
[2024-08-25 14:59:36] phpactor.WARNING: Killed process "46483" ('/usr/bin/php8.2' '/home/migbert/.local/share/nvim/mason/packages/phpactor/phpactor.phar' 'language-server:diagnostics' '--uri=file:///home/migbert/proyectos/php/portafolio/laravel/routes/web.php' '--config-extra={"worse_reflection.enable_context_location": false}') because it lived longer than 5s {"channel":"LSP"} []
[2024-08-25 14:59:41] phpactor.WARNING: The process was killed {"channel":"LSP"} []
[2024-08-25 14:59:41] phpactor.WARNING: Killed process "46576" ('/usr/bin/php8.2' '/home/migbert/.local/share/nvim/mason/packages/phpactor/phpactor.phar' 'language-server:diagnostics' '--uri=file:///home/migbert/proyectos/php/portafolio/laravel/routes/web.php' '--config-extra={"worse_reflection.enable_context_location": false}') because it lived longer than 5s {"channel":"LSP"} []
[2024-08-25 15:00:15] phpactor.WARNING: The process was killed {"channel":"LSP"} []
[2024-08-25 15:00:15] phpactor.WARNING: Killed process "47159" ('/usr/bin/php8.2' '/home/migbert/.local/share/nvim/mason/packages/phpactor/phpactor.phar' 'language-server:diagnostics' '--uri=file:///home/migbert/proyectos/php/portafolio/laravel/routes/web.php' '--config-extra={"worse_reflection.enable_context_location": false}') because it lived longer than 5s {"channel":"LSP"} []
[2024-08-25 15:00:20] phpactor.WARNING: The process was killed {"channel":"LSP"} []
[2024-08-25 15:00:20] phpactor.WARNING: Killed process "47236" ('/usr/bin/php8.2' '/home/migbert/.local/share/nvim/mason/packages/phpactor/phpactor.phar' 'language-server:diagnostics' '--uri=file:///home/migbert/proyectos/php/portafolio/laravel/routes/web.php' '--config-extra={"worse_reflection.enable_context_location": false}') because it lived longer than 5s {"channel":"LSP"} []
[2024-08-25 15:00:25] phpactor.WARNING: The process was killed {"channel":"LSP"} []
[2024-08-25 15:00:25] phpactor.WARNING: Killed process "47320" ('/usr/bin/php8.2' '/home/migbert/.local/share/nvim/mason/packages/phpactor/phpactor.phar' 'language-server:diagnostics' '--uri=file:///home/migbert/proyectos/php/portafolio/laravel/routes/web.php' '--config-extra={"worse_reflection.enable_context_location": false}') because it lived longer than 5s {"channel":"LSP"} []
[2024-08-25 15:00:45] phpactor.WARNING: The process was killed {"channel":"LSP"} []
[2024-08-25 15:00:45] phpactor.WARNING: Killed process "47639" ('/usr/bin/php8.2' '/home/migbert/.local/share/nvim/mason/packages/phpactor/phpactor.phar' 'language-server:diagnostics' '--uri=file:///home/migbert/proyectos/php/portafolio/laravel/resources/views/livewire/navbar.blade.php' '--config-extra={"worse_reflection.enable_context_location": false}') because it lived longer than 5s {"channel":"LSP"} []
[2024-08-25 15:06:06] phpactor.WARNING: The process was killed {"channel":"LSP"} []
[2024-08-25 15:06:06] phpactor.WARNING: Killed process "53223" ('/usr/bin/php8.2' '/home/migbert/.local/share/nvim/mason/packages/phpactor/phpactor.phar' 'language-server:diagnostics' '--uri=file:///home/migbert/proyectos/php/portafolio/laravel/app/Http/Middleware/LocaleMiddleware.php' '--config-extra={"worse_reflection.enable_context_location": false}') because it lived longer than 5s {"channel":"LSP"} []
[2024-08-25 15:06:52] phpactor.WARNING: The process was killed {"channel":"LSP"} []
[2024-08-25 15:06:52] phpactor.WARNING: Killed process "54181" ('/usr/bin/php8.2' '/home/migbert/.local/share/nvim/mason/packages/phpactor/phpactor.phar' 'language-server:diagnostics' '--uri=file:///home/migbert/proyectos/php/portafolio/laravel/app/Http/Middleware/LocaleMiddleware.php' '--config-extra={"worse_reflection.enable_context_location": false}') because it lived longer than 5s {"channel":"LSP"} []
[2024-08-25 15:10:36] phpactor.WARNING: The process was killed {"channel":"LSP"} []
[2024-08-25 15:10:36] phpactor.WARNING: Killed process "58425" ('/usr/bin/php8.2' '/home/migbert/.local/share/nvim/mason/packages/phpactor/phpactor.phar' 'language-server:diagnostics' '--uri=file:///home/migbert/proyectos/php/portafolio/laravel/routes/web.php' '--config-extra={"worse_reflection.enable_context_location": false}') because it lived longer than 5s {"channel":"LSP"} []
[2024-08-25 15:10:41] phpactor.WARNING: The process was killed {"channel":"LSP"} []
[2024-08-25 15:10:41] phpactor.WARNING: Killed process "58533" ('/usr/bin/php8.2' '/home/migbert/.local/share/nvim/mason/packages/phpactor/phpactor.phar' 'language-server:diagnostics' '--uri=file:///home/migbert/proyectos/php/portafolio/laravel/routes/web.php' '--config-extra={"worse_reflection.enable_context_location": false}') because it lived longer than 5s {"channel":"LSP"} []
[2024-08-25 15:11:10] phpactor.WARNING: The process was killed {"channel":"LSP"} []
[2024-08-25 15:11:10] phpactor.WARNING: Killed process "59114" ('/usr/bin/php8.2' '/home/migbert/.local/share/nvim/mason/packages/phpactor/phpactor.phar' 'language-server:diagnostics' '--uri=file:///home/migbert/proyectos/php/portafolio/laravel/routes/web.php' '--config-extra={"worse_reflection.enable_context_location": false}') because it lived longer than 5s {"channel":"LSP"} []
[2024-08-25 15:47:29] phpactor.WARNING: The process was killed {"channel":"LSP"} []
[2024-08-25 15:47:29] phpactor.WARNING: Killed process "99276" ('/usr/bin/php8.2' '/home/migbert/.local/share/nvim/mason/packages/phpactor/phpactor.phar' 'language-server:diagnostics' '--uri=file:///home/migbert/proyectos/php/portafolio/laravel/resources/views/livewire/navbar.blade.php' '--config-extra={"worse_reflection.enable_context_location": false}') because it lived longer than 5s {"channel":"LSP"} []
[2024-08-25 15:49:37] phpactor.WARNING: The process was killed {"channel":"LSP"} []
[2024-08-25 15:49:37] phpactor.WARNING: Killed process "101644" ('/usr/bin/php8.2' '/home/migbert/.local/share/nvim/mason/packages/phpactor/phpactor.phar' 'language-server:diagnostics' '--uri=file:///home/migbert/proyectos/php/portafolio/laravel/resources/views/livewire/navbar.blade.php' '--config-extra={"worse_reflection.enable_context_location": false}') because it lived longer than 5s {"channel":"LSP"} []
[2024-08-25 15:52:08] phpactor.WARNING: The process was killed {"channel":"LSP"} []
[2024-08-25 15:52:08] phpactor.WARNING: Killed process "104476" ('/usr/bin/php8.2' '/home/migbert/.local/share/nvim/mason/packages/phpactor/phpactor.phar' 'language-server:diagnostics' '--uri=file:///home/migbert/proyectos/php/portafolio/laravel/resources/views/livewire/navbar.blade.php' '--config-extra={"worse_reflection.enable_context_location": false}') because it lived longer than 5s {"channel":"LSP"} []
[2024-08-25 15:52:59] phpactor.WARNING: The process was killed {"channel":"LSP"} []
[2024-08-25 15:52:59] phpactor.WARNING: Killed process "105384" ('/usr/bin/php8.2' '/home/migbert/.local/share/nvim/mason/packages/phpactor/phpactor.phar' 'language-server:diagnostics' '--uri=file:///home/migbert/proyectos/php/portafolio/laravel/resources/views/livewire/navbar.blade.php' '--config-extra={"worse_reflection.enable_context_location": false}') because it lived longer than 5s {"channel":"LSP"} []
[2024-08-25 15:56:11] phpactor.WARNING: The process was killed {"channel":"LSP"} []
[2024-08-25 15:56:11] phpactor.WARNING: Killed process "108869" ('/usr/bin/php8.2' '/home/migbert/.local/share/nvim/mason/packages/phpactor/phpactor.phar' 'language-server:diagnostics' '--uri=file:///home/migbert/proyectos/php/portafolio/laravel/resources/views/livewire/navbar.blade.php' '--config-extra={"worse_reflection.enable_context_location": false}') because it lived longer than 5s {"channel":"LSP"} []
[2024-08-25 15:56:22] phpactor.WARNING: The process was killed {"channel":"LSP"} []
[2024-08-25 15:56:22] phpactor.WARNING: Killed process "109065" ('/usr/bin/php8.2' '/home/migbert/.local/share/nvim/mason/packages/phpactor/phpactor.phar' 'language-server:diagnostics' '--uri=file:///home/migbert/proyectos/php/portafolio/laravel/resources/views/livewire/navbar.blade.php' '--config-extra={"worse_reflection.enable_context_location": false}') because it lived longer than 5s {"channel":"LSP"} []
[2024-08-25 15:57:01] phpactor.WARNING: The process was killed {"channel":"LSP"} []
[2024-08-25 15:57:01] phpactor.WARNING: Killed process "109826" ('/usr/bin/php8.2' '/home/migbert/.local/share/nvim/mason/packages/phpactor/phpactor.phar' 'language-server:diagnostics' '--uri=file:///home/migbert/proyectos/php/portafolio/laravel/resources/views/livewire/navbar.blade.php' '--config-extra={"worse_reflection.enable_context_location": false}') because it lived longer than 5s {"channel":"LSP"} []
[2024-08-25 15:57:43] phpactor.WARNING: The process was killed {"channel":"LSP"} []
[2024-08-25 15:57:43] phpactor.WARNING: Killed process "110642" ('/usr/bin/php8.2' '/home/migbert/.local/share/nvim/mason/packages/phpactor/phpactor.phar' 'language-server:diagnostics' '--uri=file:///home/migbert/proyectos/php/portafolio/laravel/resources/views/livewire/navbar.blade.php' '--config-extra={"worse_reflection.enable_context_location": false}') because it lived longer than 5s {"channel":"LSP"} []
[2024-08-25 15:57:59] phpactor.WARNING: The process was killed {"channel":"LSP"} []
[2024-08-25 15:57:59] phpactor.WARNING: Killed process "111058" ('/usr/bin/php8.2' '/home/migbert/.local/share/nvim/mason/packages/phpactor/phpactor.phar' 'language-server:diagnostics' '--uri=file:///home/migbert/proyectos/php/portafolio/laravel/resources/views/livewire/navbar.blade.php' '--config-extra={"worse_reflection.enable_context_location": false}') because it lived longer than 5s {"channel":"LSP"} []
[2024-08-25 15:58:32] phpactor.WARNING: The process was killed {"channel":"LSP"} []
[2024-08-25 15:58:32] phpactor.WARNING: Killed process "112049" ('/usr/bin/php8.2' '/home/migbert/.local/share/nvim/mason/packages/phpactor/phpactor.phar' 'language-server:diagnostics' '--uri=file:///home/migbert/proyectos/php/portafolio/laravel/resources/views/livewire/navbar.blade.php' '--config-extra={"worse_reflection.enable_context_location": false}') because it lived longer than 5s {"channel":"LSP"} []
[2024-08-25 15:59:18] phpactor.WARNING: The process was killed {"channel":"LSP"} []
[2024-08-25 15:59:18] phpactor.WARNING: Killed process "112880" ('/usr/bin/php8.2' '/home/migbert/.local/share/nvim/mason/packages/phpactor/phpactor.phar' 'language-server:diagnostics' '--uri=file:///home/migbert/proyectos/php/portafolio/laravel/resources/views/livewire/navbar.blade.php' '--config-extra={"worse_reflection.enable_context_location": false}') because it lived longer than 5s {"channel":"LSP"} []
